20:37:09 kicad-kle-placer-master.kle_placer_action 416: Plugin executed with python version: '3.9.10 (main, Feb 11 2022, 04:18:11) [MSC v.1928 64 bit (AMD64)]'
20:37:27 kicad-kle-placer-master.kle_placer_action 431: User layout: Keyboard(meta=KeyboardMetadata(author='', backcolor='#eeeeee', background=None, name='', notes='', radii='', switchBrand='', switchMount='', switchType=''), keys=[Key(color='#cccccc', labels=['', '', '', '', '4', '', '', '', '', '', '', ''], textColor=[None, None, None, None, None, None, None, None, None, None, None, None], textSize=[None, None, None, None, None, None, None, None, None, None, None, None], default=_inner_Key_default(textColor='#000000', textSize=3), x=3.0, y=0.0, width=1.0, height=1.0, x2=0.0, y2=0.0, width2=1.0, height2=1.0, rotation_x=0.0, rotation_y=0.0, rotation_angle=0.0, decal=False, ghost=False, stepped=False, nub=False, profile='', sm='', sb='', st=''), Key(color='#cccccc', labels=['', '', '', '', '3', '', '', '', '', '', '', ''], textColor=[None, None, None, None, None, None, None, None, None, None, None, None], textSize=[None, None, None, None, None, None, None, None, None, None, None, None], default=_inner_Key_default(textColor='#000000', textSize=3), x=2.0, y=0.125, width=1.0, height=1.0, x2=0.0, y2=0.0, width2=1.0, height2=1.0, rotation_x=0.0, rotation_y=0.0, rotation_angle=0.0, decal=False, ghost=False, stepped=False, nub=False, profile='', sm='', sb='', st=''), Key(color='#cccccc', labels=['', '', '', '', '5', '', '', '', '', '', '', ''], textColor=[None, None, None, None, None, None, None, None, None, None, None, None], textSize=[None, None, None, None, None, None, None, None, None, None, None, None], default=_inner_Key_default(textColor='#000000', textSize=3), x=4.0, y=0.5, width=1.0, height=1.0, x2=0.0, y2=0.0, width2=1.0, height2=1.0, rotation_x=0.0, rotation_y=0.0, rotation_angle=0.0, decal=False, ghost=False, stepped=False, nub=False, profile='', sm='', sb='', st=''), Key(color='#cccccc', labels=['', '', '', '', '6', '', '', '', '', '', '', ''], textColor=[None, None, None, None, None, None, None, None, None, None, None, None], textSize=[None, None, None, None, None, None, None, None, None, None, None, None], default=_inner_Key_default(textColor='#000000', textSize=3), x=5.0, y=0.5, width=1.0, height=1.0, x2=0.0, y2=0.0, width2=1.0, height2=1.0, rotation_x=0.0, rotation_y=0.0, rotation_angle=0.0, decal=False, ghost=False, stepped=False, nub=False, profile='', sm='', sb='', st=''), Key(color='#cccccc', labels=['', '', '', '', '2', '', '', '', '', '', '', ''], textColor=[None, None, None, None, None, None, None, None, None, None, None, None], textSize=[None, None, None, None, None, None, None, None, None, None, None, None], default=_inner_Key_default(textColor='#000000', textSize=3), x=1.0, y=0.75, width=1.0, height=1.0, x2=0.0, y2=0.0, width2=1.0, height2=1.0, rotation_x=0.0, rotation_y=0.0, rotation_angle=0.0, decal=False, ghost=False, stepped=False, nub=False, profile='', sm='', sb='', st=''), Key(color='#cccccc', labels=['', '', '', '', '1', '', '', '', '', '', '', ''], textColor=[None, None, None, None, None, None, None, None, None, None, None, None], textSize=[None, None, None, None, None, None, None, None, None, None, None, None], default=_inner_Key_default(textColor='#000000', textSize=3), x=0.0, y=1.0, width=1.0, height=1.0, x2=0.0, y2=0.0, width2=1.0, height2=1.0, rotation_x=0.0, rotation_y=0.0, rotation_angle=0.0, decal=False, ghost=False, stepped=False, nub=False, profile='', sm='', sb='', st=''), Key(color='#cccccc', labels=['', '', '', '', '10', '', '', '', '', '', '', ''], textColor=[None, None, None, None, None, None, None, None, None, None, None, None], textSize=[None, None, None, None, None, None, None, None, None, None, None, None], default=_inner_Key_default(textColor='#000000', textSize=3), x=3.0, y=1.0, width=1.0, height=1.0, x2=0.0, y2=0.0, width2=1.0, height2=1.0, rotation_x=0.0, rotation_y=0.0, rotation_angle=0.0, decal=False, ghost=False, stepped=False, nub=False, profile='', sm='', sb='', st=''), Key(color='#cccccc', labels=['', '', '', '', '9', '', '', '', '', '', '', ''], textColor=[None, None, None, None, None, None, None, None, None, None, None, None], textSize=[None, None, None, None, None, None, None, None, None, None, None, None], default=_inner_Key_default(textColor='#000000', textSize=3), x=2.0, y=1.125, width=1.0, height=1.0, x2=0.0, y2=0.0, width2=1.0, height2=1.0, rotation_x=0.0, rotation_y=0.0, rotation_angle=0.0, decal=False, ghost=False, stepped=False, nub=False, profile='', sm='', sb='', st=''), Key(color='#cccccc', labels=['', '', '', '', '11', '', '', '', '', '', '', ''], textColor=[None, None, None, None, None, None, None, None, None, None, None, None], textSize=[None, None, None, None, None, None, None, None, None, None, None, None], default=_inner_Key_default(textColor='#000000', textSize=3), x=4.0, y=1.5, width=1.0, height=1.0, x2=0.0, y2=0.0, width2=1.0, height2=1.0, rotation_x=0.0, rotation_y=0.0, rotation_angle=0.0, decal=False, ghost=False, stepped=False, nub=True, profile='', sm='', sb='', st=''), Key(color='#cccccc', labels=['', '', '', '', '12', '', '', '', '', '', '', ''], textColor=[None, None, None, None, None, None, None, None, None, None, None, None], textSize=[None, None, None, None, None, None, None, None, None, None, None, None], default=_inner_Key_default(textColor='#000000', textSize=3), x=5.0, y=1.5, width=1.0, height=1.0, x2=0.0, y2=0.0, width2=1.0, height2=1.0, rotation_x=0.0, rotation_y=0.0, rotation_angle=0.0, decal=False, ghost=False, stepped=False, nub=False, profile='', sm='', sb='', st=''), Key(color='#cccccc', labels=['', '', '', '', '8', '', '', '', '', '', '', ''], textColor=[None, None, None, None, None, None, None, None, None, None, None, None], textSize=[None, None, None, None, None, None, None, None, None, None, None, None], default=_inner_Key_default(textColor='#000000', textSize=3), x=1.0, y=1.75, width=1.0, height=1.0, x2=0.0, y2=0.0, width2=1.0, height2=1.0, rotation_x=0.0, rotation_y=0.0, rotation_angle=0.0, decal=False, ghost=False, stepped=False, nub=False, profile='', sm='', sb='', st=''), Key(color='#cccccc', labels=['', '', '', '', '7', '', '', '', '', '', '', ''], textColor=[None, None, None, None, None, None, None, None, None, None, None, None], textSize=[None, None, None, None, None, None, None, None, None, None, None, None], default=_inner_Key_default(textColor='#000000', textSize=3), x=0.0, y=2.0, width=1.0, height=1.0, x2=0.0, y2=0.0, width2=1.0, height2=1.0, rotation_x=0.0, rotation_y=0.0, rotation_angle=0.0, decal=False, ghost=False, stepped=False, nub=False, profile='', sm='', sb='', st=''), Key(color='#cccccc', labels=['', '', '', '', '15', '', '', '', '', '', '', ''], textColor=[None, None, None, None, None, None, None, None, None, None, None, None], textSize=[None, None, None, None, None, None, None, None, None, None, None, None], default=_inner_Key_default(textColor='#000000', textSize=3), x=3.0, y=2.0, width=1.0, height=1.0, x2=0.0, y2=0.0, width2=1.0, height2=1.0, rotation_x=0.0, rotation_y=0.0, rotation_angle=0.0, decal=False, ghost=False, stepped=False, nub=False, profile='', sm='', sb='', st=''), Key(color='#cccccc', labels=['', '', '', '', '14', '', '', '', '', '', '', ''], textColor=[None, None, None, None, None, None, None, None, None, None, None, None], textSize=[None, None, None, None, None, None, None, None, None, None, None, None], default=_inner_Key_default(textColor='#000000', textSize=3), x=2.0, y=2.125, width=1.0, height=1.0, x2=0.0, y2=0.0, width2=1.0, height2=1.0, rotation_x=0.0, rotation_y=0.0, rotation_angle=0.0, decal=False, ghost=False, stepped=False, nub=False, profile='', sm='', sb='', st=''), Key(color='#cccccc', labels=['', '', '', '', '16', '', '', '', '', '', '', ''], textColor=[None, None, None, None, None, None, None, None, None, None, None, None], textSize=[None, None, None, None, None, None, None, None, None, None, None, None], default=_inner_Key_default(textColor='#000000', textSize=3), x=4.0, y=2.5, width=1.0, height=1.0, x2=0.0, y2=0.0, width2=1.0, height2=1.0, rotation_x=0.0, rotation_y=0.0, rotation_angle=0.0, decal=False, ghost=False, stepped=False, nub=False, profile='', sm='', sb='', st=''), Key(color='#cccccc', labels=['', '', '', '', '17', '', '', '', '', '', '', ''], textColor=[None, None, None, None, None, None, None, None, None, None, None, None], textSize=[None, None, None, None, None, None, None, None, None, None, None, None], default=_inner_Key_default(textColor='#000000', textSize=3), x=5.0, y=2.5, width=1.0, height=1.0, x2=0.0, y2=0.0, width2=1.0, height2=1.0, rotation_x=0.0, rotation_y=0.0, rotation_angle=0.0, decal=False, ghost=False, stepped=False, nub=False, profile='', sm='', sb='', st=''), Key(color='#cccccc', labels=['', '', '', '', '13', '', '', '', '', '', '', ''], textColor=[None, None, None, None, None, None, None, None, None, None, None, None], textSize=[None, None, None, None, None, None, None, None, None, None, None, None], default=_inner_Key_default(textColor='#000000', textSize=3), x=1.0, y=2.75, width=1.0, height=1.0, x2=0.0, y2=0.0, width2=1.0, height2=1.0, rotation_x=0.0, rotation_y=0.0, rotation_angle=0.0, decal=False, ghost=False, stepped=False, nub=False, profile='', sm='', sb='', st=''), Key(color='#cccccc', labels=['', '', '', '', '19', '', '', '', '', '', '', ''], textColor=[None, None, None, None, None, None, None, None, None, None, None, None], textSize=[None, None, None, None, None, None, None, None, None, None, None, None], default=_inner_Key_default(textColor='#000000', textSize=3), x=3.0, y=3.0, width=1.0, height=1.0, x2=0.0, y2=0.0, width2=1.0, height2=1.0, rotation_x=0.0, rotation_y=0.0, rotation_angle=0.0, decal=False, ghost=False, stepped=False, nub=False, profile='', sm='cherry', sb='', st=''), Key(color='#cccccc', labels=['', '', '', '', '18', '', '', '', '', '', '', ''], textColor=[None, None, None, None, None, None, None, None, None, None, None, None], textSize=[None, None, None, None, None, None, None, None, None, None, None, None], default=_inner_Key_default(textColor='#000000', textSize=3), x=2.0, y=3.125, width=1.0, height=0.875, x2=0.0, y2=0.0, width2=1.0, height2=0.875, rotation_x=0.0, rotation_y=0.0, rotation_angle=0.0, decal=False, ghost=False, stepped=False, nub=False, profile='', sm='cherry', sb='', st=''), Key(color='#cccccc', labels=['', '', '', '', '20', '', '', '', '', '', '', ''], textColor=[None, None, None, None, None, None, None, None, None, None, None, None], textSize=[None, None, None, None, None, None, None, None, None, None, None, None], default=_inner_Key_default(textColor='#000000', textSize=3), x=4.0, y=3.5, width=1.0, height=1.0, x2=0.0, y2=0.0, width2=1.0, height2=1.0, rotation_x=0.0, rotation_y=0.0, rotation_angle=0.0, decal=False, ghost=False, stepped=False, nub=False, profile='', sm='cherry', sb='', st=''), Key(color='#cccccc', labels=['', '', '', '', '21', '', '', '', '', '', '', ''], textColor=[None, None, None, None, None, None, None, None, None, None, None, None], textSize=[None, None, None, None, None, None, None, None, None, None, None, None], default=_inner_Key_default(textColor='#000000', textSize=3), x=5.3, y=3.55, width=1.0, height=1.0, x2=0.0, y2=0.0, width2=1.0, height2=1.0, rotation_x=5.3, rotation_y=3.55, rotation_angle=20.0, decal=False, ghost=False, stepped=False, nub=False, profile='', sm='cherry', sb='', st=''), Key(color='#cccccc', labels=['', '', '', '', '22', '', '', '', '', '', '', ''], textColor=[None, None, None, None, None, None, None, None, None, None, None, None], textSize=[None, None, None, None, None, None, None, None, None, None, None, None], default=_inner_Key_default(textColor='#000000', textSize=3), x=6.55, y=4.13, width=1.0, height=1.0, x2=0.0, y2=0.0, width2=1.0, height2=1.0, rotation_x=6.55, rotation_y=4.13, rotation_angle=45.0, decal=False, ghost=False, stepped=False, nub=False, profile='', sm='cherry', sb='', st=''), Key(color='#cccccc', labels=['', '', '', '', '23', '', '', '', '', '', '', ''], textColor=[None, None, None, None, None, None, None, None, None, None, None, None], textSize=[None, None, None, None, None, None, None, None, None, None, None, None], default=_inner_Key_default(textColor='#000000', textSize=3), x=7.45, y=5.18, width=1.0, height=1.0, x2=0.0, y2=0.0, width2=1.0, height2=1.0, rotation_x=7.45, rotation_y=5.18, rotation_angle=70.0, decal=False, ghost=False, stepped=False, nub=False, profile='', sm='cherry', sb='', st='')])
20:37:27 kicad-kle-placer-master.kle_placer_action 131: Searching for SW1 footprint
20:37:27 kicad-kle-placer-master.kle_placer_action 131: Searching for D1 footprint
20:37:27 kicad-kle-placer-master.kle_placer_action 131: Searching for D1 footprint
20:37:27 kicad-kle-placer-master.kle_placer_action 131: Searching for SW1 footprint
20:37:27 kicad-kle-placer-master.kle_placer_action 131: Searching for S1 footprint
20:37:27 kicad-kle-placer-master.kle_placer_action 139: Setting SW1 footprint position: (37734500, 52992750)
20:37:27 kicad-kle-placer-master.kle_placer_action 131: Searching for D2 footprint
20:37:27 kicad-kle-placer-master.kle_placer_action 131: Searching for SW2 footprint
20:37:27 kicad-kle-placer-master.kle_placer_action 131: Searching for S2 footprint
20:37:27 kicad-kle-placer-master.kle_placer_action 139: Setting SW2 footprint position: (56784500, 48230250)
20:37:27 kicad-kle-placer-master.kle_placer_action 131: Searching for D3 footprint
20:37:27 kicad-kle-placer-master.kle_placer_action 131: Searching for SW3 footprint
20:37:27 kicad-kle-placer-master.kle_placer_action 131: Searching for S3 footprint
20:37:27 kicad-kle-placer-master.kle_placer_action 139: Setting SW3 footprint position: (75834500, 36324000)
20:37:27 kicad-kle-placer-master.kle_placer_action 131: Searching for D4 footprint
20:37:27 kicad-kle-placer-master.kle_placer_action 131: Searching for SW4 footprint
20:37:27 kicad-kle-placer-master.kle_placer_action 131: Searching for S4 footprint
20:37:27 kicad-kle-placer-master.kle_placer_action 139: Setting SW4 footprint position: (94884500, 33942750)
20:37:27 kicad-kle-placer-master.kle_placer_action 131: Searching for D5 footprint
20:37:27 kicad-kle-placer-master.kle_placer_action 131: Searching for SW5 footprint
20:37:27 kicad-kle-placer-master.kle_placer_action 131: Searching for S5 footprint
20:37:27 kicad-kle-placer-master.kle_placer_action 139: Setting SW5 footprint position: (113934500, 43467750)
20:37:27 kicad-kle-placer-master.kle_placer_action 131: Searching for D6 footprint
20:37:27 kicad-kle-placer-master.kle_placer_action 131: Searching for SW6 footprint
20:37:27 kicad-kle-placer-master.kle_placer_action 131: Searching for S6 footprint
20:37:27 kicad-kle-placer-master.kle_placer_action 139: Setting SW6 footprint position: (132984500, 43467750)
20:37:27 kicad-kle-placer-master.kle_placer_action 131: Searching for D7 footprint
20:37:27 kicad-kle-placer-master.kle_placer_action 131: Searching for SW7 footprint
20:37:27 kicad-kle-placer-master.kle_placer_action 131: Searching for S7 footprint
20:37:27 kicad-kle-placer-master.kle_placer_action 139: Setting SW7 footprint position: (37734500, 72042750)
20:37:27 kicad-kle-placer-master.kle_placer_action 131: Searching for D8 footprint
20:37:27 kicad-kle-placer-master.kle_placer_action 131: Searching for SW8 footprint
20:37:27 kicad-kle-placer-master.kle_placer_action 131: Searching for S8 footprint
20:37:27 kicad-kle-placer-master.kle_placer_action 139: Setting SW8 footprint position: (56784500, 67280250)
20:37:27 kicad-kle-placer-master.kle_placer_action 131: Searching for D9 footprint
20:37:27 kicad-kle-placer-master.kle_placer_action 131: Searching for SW9 footprint
20:37:27 kicad-kle-placer-master.kle_placer_action 131: Searching for S9 footprint
20:37:27 kicad-kle-placer-master.kle_placer_action 139: Setting SW9 footprint position: (75834500, 55374000)
20:37:27 kicad-kle-placer-master.kle_placer_action 131: Searching for D10 footprint
20:37:27 kicad-kle-placer-master.kle_placer_action 131: Searching for SW10 footprint
20:37:27 kicad-kle-placer-master.kle_placer_action 131: Searching for S10 footprint
20:37:27 kicad-kle-placer-master.kle_placer_action 139: Setting SW10 footprint position: (94884500, 52992750)
20:37:27 kicad-kle-placer-master.kle_placer_action 131: Searching for D11 footprint
20:37:27 kicad-kle-placer-master.kle_placer_action 131: Searching for SW11 footprint
20:37:27 kicad-kle-placer-master.kle_placer_action 131: Searching for S11 footprint
20:37:27 kicad-kle-placer-master.kle_placer_action 139: Setting SW11 footprint position: (113934500, 62517750)
20:37:27 kicad-kle-placer-master.kle_placer_action 131: Searching for D12 footprint
20:37:27 kicad-kle-placer-master.kle_placer_action 131: Searching for SW12 footprint
20:37:27 kicad-kle-placer-master.kle_placer_action 131: Searching for S12 footprint
20:37:27 kicad-kle-placer-master.kle_placer_action 139: Setting SW12 footprint position: (132984500, 62517750)
20:37:27 kicad-kle-placer-master.kle_placer_action 131: Searching for D13 footprint
20:37:27 kicad-kle-placer-master.kle_placer_action 131: Searching for SW13 footprint
20:37:27 kicad-kle-placer-master.kle_placer_action 131: Searching for S13 footprint
20:37:27 kicad-kle-placer-master.kle_placer_action 139: Setting SW13 footprint position: (56784500, 86330250)
20:37:27 kicad-kle-placer-master.kle_placer_action 131: Searching for D14 footprint
20:37:27 kicad-kle-placer-master.kle_placer_action 131: Searching for SW14 footprint
20:37:27 kicad-kle-placer-master.kle_placer_action 131: Searching for S14 footprint
20:37:27 kicad-kle-placer-master.kle_placer_action 139: Setting SW14 footprint position: (75834500, 74424000)
20:37:27 kicad-kle-placer-master.kle_placer_action 131: Searching for D15 footprint
20:37:27 kicad-kle-placer-master.kle_placer_action 131: Searching for SW15 footprint
20:37:27 kicad-kle-placer-master.kle_placer_action 131: Searching for S15 footprint
20:37:27 kicad-kle-placer-master.kle_placer_action 139: Setting SW15 footprint position: (94884500, 72042750)
20:37:27 kicad-kle-placer-master.kle_placer_action 131: Searching for D16 footprint
20:37:27 kicad-kle-placer-master.kle_placer_action 131: Searching for SW16 footprint
20:37:27 kicad-kle-placer-master.kle_placer_action 131: Searching for S16 footprint
20:37:27 kicad-kle-placer-master.kle_placer_action 139: Setting SW16 footprint position: (113934500, 81567750)
20:37:27 kicad-kle-placer-master.kle_placer_action 131: Searching for D17 footprint
20:37:27 kicad-kle-placer-master.kle_placer_action 131: Searching for SW17 footprint
20:37:27 kicad-kle-placer-master.kle_placer_action 131: Searching for S17 footprint
20:37:27 kicad-kle-placer-master.kle_placer_action 139: Setting SW17 footprint position: (132984500, 81567750)
20:37:27 kicad-kle-placer-master.kle_placer_action 131: Searching for D18 footprint
20:37:27 kicad-kle-placer-master.kle_placer_action 131: Searching for SW18 footprint
20:37:27 kicad-kle-placer-master.kle_placer_action 131: Searching for S18 footprint
20:37:27 kicad-kle-placer-master.kle_placer_action 139: Setting SW18 footprint position: (75834500, 92283375)
20:37:27 kicad-kle-placer-master.kle_placer_action 131: Searching for D19 footprint
20:37:27 kicad-kle-placer-master.kle_placer_action 131: Searching for SW19 footprint
20:37:27 kicad-kle-placer-master.kle_placer_action 131: Searching for S19 footprint
20:37:27 kicad-kle-placer-master.kle_placer_action 139: Setting SW19 footprint position: (94884500, 91092750)
20:37:27 kicad-kle-placer-master.kle_placer_action 131: Searching for D20 footprint
20:37:27 kicad-kle-placer-master.kle_placer_action 131: Searching for SW20 footprint
20:37:27 kicad-kle-placer-master.kle_placer_action 131: Searching for S20 footprint
20:37:27 kicad-kle-placer-master.kle_placer_action 139: Setting SW20 footprint position: (113934500, 100617750)
20:37:27 kicad-kle-placer-master.kle_placer_action 131: Searching for D21 footprint
20:37:27 kicad-kle-placer-master.kle_placer_action 131: Searching for SW21 footprint
20:37:27 kicad-kle-placer-master.kle_placer_action 131: Searching for S21 footprint
20:37:27 kicad-kle-placer-master.kle_placer_action 139: Setting SW21 footprint position: (138699500, 101570250)
20:37:27 kicad-kle-placer-master.kle_placer_action 147: Rotating SW21 footprint: rotationReference: (129174500, 92045250), rotationAngle: 20.0
20:37:27 kicad-kle-placer-master.kle_placer_action 131: Searching for D22 footprint
20:37:27 kicad-kle-placer-master.kle_placer_action 131: Searching for SW22 footprint
20:37:27 kicad-kle-placer-master.kle_placer_action 131: Searching for S22 footprint
20:37:27 kicad-kle-placer-master.kle_placer_action 139: Setting SW22 footprint position: (162512000, 112619250)
20:37:27 kicad-kle-placer-master.kle_placer_action 147: Rotating SW22 footprint: rotationReference: (152987000, 103094250), rotationAngle: 45.0
20:37:27 kicad-kle-placer-master.kle_placer_action 131: Searching for D23 footprint
20:37:27 kicad-kle-placer-master.kle_placer_action 131: Searching for SW23 footprint
20:37:27 kicad-kle-placer-master.kle_placer_action 131: Searching for S23 footprint
20:37:27 kicad-kle-placer-master.kle_placer_action 139: Setting SW23 footprint position: (179657000, 132621750)
20:37:27 kicad-kle-placer-master.kle_placer_action 147: Rotating SW23 footprint: rotationReference: (170132000, 123096750), rotationAngle: 70.0
